  MFCApplication1Dlg.cpp
C:\Users\KJY\Desktop\jykim\OneNB_DevPromoteProject2023\Report\20231004\Calculator #2- 진행 중\MFCApplication1\MFCApplication1Dlg.cpp(373,73): warning C4244: '인수': 'double'에서 'int'(으)로 변환하면서 데이터가 손실될 수 있습니다.
C:\Users\KJY\Desktop\jykim\OneNB_DevPromoteProject2023\Report\20231004\Calculator #2- 진행 중\MFCApplication1\MFCApplication1Dlg.cpp(377,40): warning C4244: '인수': 'double'에서 'int'(으)로 변환하면서 데이터가 손실될 수 있습니다.
C:\Users\KJY\Desktop\jykim\OneNB_DevPromoteProject2023\Report\20231004\Calculator #2- 진행 중\MFCApplication1\MFCApplication1Dlg.cpp(401,73): warning C4244: '인수': 'double'에서 'int'(으)로 변환하면서 데이터가 손실될 수 있습니다.
C:\Users\KJY\Desktop\jykim\OneNB_DevPromoteProject2023\Report\20231004\Calculator #2- 진행 중\MFCApplication1\MFCApplication1Dlg.cpp(405,40): warning C4244: '인수': 'double'에서 'int'(으)로 변환하면서 데이터가 손실될 수 있습니다.
C:\Users\KJY\Desktop\jykim\OneNB_DevPromoteProject2023\Report\20231004\Calculator #2- 진행 중\MFCApplication1\MFCApplication1Dlg.cpp(547,28): warning C4244: '인수': 'double'에서 'int'(으)로 변환하면서 데이터가 손실될 수 있습니다.
C:\Users\KJY\Desktop\jykim\OneNB_DevPromoteProject2023\Report\20231004\Calculator #2- 진행 중\MFCApplication1\MFCApplication1Dlg.cpp(550,25): warning C4244: '인수': 'double'에서 'int'(으)로 변환하면서 데이터가 손실될 수 있습니다.
C:\Users\KJY\Desktop\jykim\OneNB_DevPromoteProject2023\Report\20231004\Calculator #2- 진행 중\MFCApplication1\MFCApplication1Dlg.cpp(553,30): warning C4244: '인수': 'double'에서 'int'(으)로 변환하면서 데이터가 손실될 수 있습니다.
C:\Users\KJY\Desktop\jykim\OneNB_DevPromoteProject2023\Report\20231004\Calculator #2- 진행 중\MFCApplication1\MFCApplication1Dlg.cpp(573,73): warning C4244: '인수': 'double'에서 'int'(으)로 변환하면서 데이터가 손실될 수 있습니다.
C:\Users\KJY\Desktop\jykim\OneNB_DevPromoteProject2023\Report\20231004\Calculator #2- 진행 중\MFCApplication1\MFCApplication1Dlg.cpp(578,40): warning C4244: '인수': 'double'에서 'int'(으)로 변환하면서 데이터가 손실될 수 있습니다.
C:\Users\KJY\Desktop\jykim\OneNB_DevPromoteProject2023\Report\20231004\Calculator #2- 진행 중\MFCApplication1\MFCApplication1Dlg.cpp(602,73): warning C4244: '인수': 'double'에서 'int'(으)로 변환하면서 데이터가 손실될 수 있습니다.
C:\Users\KJY\Desktop\jykim\OneNB_DevPromoteProject2023\Report\20231004\Calculator #2- 진행 중\MFCApplication1\MFCApplication1Dlg.cpp(607,40): warning C4244: '인수': 'double'에서 'int'(으)로 변환하면서 데이터가 손실될 수 있습니다.
MFCApplication1.obj : warning LNK4258: '/entry:WinMainCRTStartup' 지시문은 '/ENTRY:wWinMainCRTStartup' 스위치와 호환되지 않습니다. 무시됩니다.
MFCApplication1Dlg.obj : warning LNK4258: '/entry:WinMainCRTStartup' 지시문은 '/ENTRY:wWinMainCRTStartup' 스위치와 호환되지 않습니다. 무시됩니다.
pch.obj : warning LNK4258: '/entry:WinMainCRTStartup' 지시문은 '/ENTRY:wWinMainCRTStartup' 스위치와 호환되지 않습니다. 무시됩니다.
  코드를 생성하고 있습니다.
  Previous IPDB and IOBJ mismatch, fall back to full compilation.
  All 251 functions were compiled because no usable IPDB/IOBJ from previous compilation was found.
  코드를 생성했습니다.
  MFCApplication1.vcxproj -> C:\Users\KJY\Desktop\jykim\OneNB_DevPromoteProject2023\Report\20231004\Calculator #2- 진행 중\Release\MFCApplication1.exe
