c:\users\kjy\desktop\jykim\onenb_devpromoteproject2023\report\20231004\계산기 개인 수정본\mfcapplication1\x64\release\계산기.pch
c:\users\kjy\desktop\jykim\onenb_devpromoteproject2023\report\20231004\계산기 개인 수정본\mfcapplication1\x64\release\vc142.pdb
c:\users\kjy\desktop\jykim\onenb_devpromoteproject2023\report\20231004\계산기 개인 수정본\mfcapplication1\x64\release\pch.obj
c:\users\kjy\desktop\jykim\onenb_devpromoteproject2023\report\20231004\계산기 개인 수정본\mfcapplication1\x64\release\mfcapplication1dlg.obj
c:\users\kjy\desktop\jykim\onenb_devpromoteproject2023\report\20231004\계산기 개인 수정본\mfcapplication1\x64\release\mfcapplication1.obj
c:\users\kjy\desktop\jykim\onenb_devpromoteproject2023\report\20231004\계산기 개인 수정본\bin\계산기.exe
c:\users\kjy\desktop\jykim\onenb_devpromoteproject2023\report\20231004\계산기 개인 수정본\mfcapplication1\x64\release\계산기.ipdb
c:\users\kjy\desktop\jykim\onenb_devpromoteproject2023\report\20231004\계산기 개인 수정본\mfcapplication1\x64\release\계산기.iobj
c:\users\kjy\desktop\jykim\onenb_devpromoteproject2023\report\20231004\계산기 개인 수정본\bin\계산기.pdb
c:\users\kjy\desktop\jykim\onenb_devpromoteproject2023\report\20231004\계산기 개인 수정본\mfcapplication1\x64\release\mfcapplication1.res
c:\users\kjy\desktop\jykim\onenb_devpromoteproject2023\report\20231004\계산기 개인 수정본\mfcapplication1\x64\release\mfcapplication1.ipdb
c:\users\kjy\desktop\jykim\onenb_devpromoteproject2023\report\20231004\계산기 개인 수정본\mfcapplication1\x64\release\mfcapplication1.iobj
c:\users\kjy\desktop\jykim\onenb_devpromoteproject2023\report\20231004\계산기 개인 수정본\mfcapplication1\x64\release\mfcapplication1.pch
c:\users\kjy\desktop\jykim\onenb_devpromoteproject2023\report\20231004\계산기 개인 수정본\mfcapplication1\x64\release\mfcapplication1.tlog\cl.command.1.tlog
c:\users\kjy\desktop\jykim\onenb_devpromoteproject2023\report\20231004\계산기 개인 수정본\mfcapplication1\x64\release\mfcapplication1.tlog\cl.read.1.tlog
c:\users\kjy\desktop\jykim\onenb_devpromoteproject2023\report\20231004\계산기 개인 수정본\mfcapplication1\x64\release\mfcapplication1.tlog\cl.write.1.tlog
c:\users\kjy\desktop\jykim\onenb_devpromoteproject2023\report\20231004\계산기 개인 수정본\mfcapplication1\x64\release\mfcapplication1.tlog\link.command.1.tlog
c:\users\kjy\desktop\jykim\onenb_devpromoteproject2023\report\20231004\계산기 개인 수정본\mfcapplication1\x64\release\mfcapplication1.tlog\link.read.1.tlog
c:\users\kjy\desktop\jykim\onenb_devpromoteproject2023\report\20231004\계산기 개인 수정본\mfcapplication1\x64\release\mfcapplication1.tlog\link.write.1.tlog
c:\users\kjy\desktop\jykim\onenb_devpromoteproject2023\report\20231004\계산기 개인 수정본\mfcapplication1\x64\release\mfcapplication1.tlog\rc.command.1.tlog
c:\users\kjy\desktop\jykim\onenb_devpromoteproject2023\report\20231004\계산기 개인 수정본\mfcapplication1\x64\release\mfcapplication1.tlog\rc.read.1.tlog
c:\users\kjy\desktop\jykim\onenb_devpromoteproject2023\report\20231004\계산기 개인 수정본\mfcapplication1\x64\release\mfcapplication1.tlog\rc.write.1.tlog
